2024-08-07 22:55:03,748 - __main__ - INFO - Created dataset '/SONAR/title/en_cirrussearch' with shape '77736x1024'
2024-08-07 22:55:03,749 - __main__ - INFO - Created dataset '/SONAR/title/lv_cirrussearch' with shape '77736x1024'
2024-08-07 22:55:03,750 - __main__ - INFO - Created dataset '/SONAR/open/en_cirrussearch' with shape '77736x1024'
2024-08-07 22:55:03,751 - __main__ - INFO - Created dataset '/SONAR/open/lv_cirrussearch' with shape '77736x1024'
2024-08-07 22:55:03,751 - __main__ - INFO - Created dataset '/SONAR/source/en_cirrussearch' with shape '77736x1024'
2024-08-07 22:55:03,752 - __main__ - INFO - Created dataset '/SONAR/source/lv_cirrussearch' with shape '77736x1024'
2024-08-07 22:55:03,770 - h5py._conv - DEBUG - Creating converter from 5 to 3
2024-08-07 22:55:03,877 - __main__ - INFO - Created mapping dataset
2024-08-07 22:55:03,888 - h5py._conv - DEBUG - Creating converter from 3 to 5
2024-08-07 22:55:04,565 - __main__ - INFO - Transforming 'lv_cirrussearch_title' using 'SONAR'
2024-08-07 22:55:04,565 - __main__ - INFO - Starting from row '0'
2024-08-07 22:55:32,202 - __main__ - INFO - Processed a thousand pages!
2024-08-07 22:55:55,952 - __main__ - INFO - Processed a thousand pages!
2024-08-07 22:57:18,225 - __main__ - INFO - Processed a thousand pages!
2024-08-07 22:57:42,381 - __main__ - INFO - Processed a thousand pages!
2024-08-07 22:58:05,959 - __main__ - INFO - Processed a thousand pages!
2024-08-07 22:58:30,093 - __main__ - INFO - Processed a thousand pages!
2024-08-07 22:59:07,884 - __main__ - INFO - Processed a thousand pages!
2024-08-07 22:59:30,746 - __main__ - INFO - Processed a thousand pages!
2024-08-07 23:07:05,309 - __main__ - INFO - Processed a thousand pages!
2024-08-07 23:07:42,936 - __main__ - INFO - Processed a thousand pages!
2024-08-07 23:08:23,006 - __main__ - INFO - Processed a thousand pages!
2024-08-07 23:08:53,175 - __main__ - INFO - Processed a thousand pages!
2024-08-07 23:09:16,093 - __main__ - INFO - Processed a thousand pages!
2024-08-07 23:10:16,032 - __main__ - INFO - Processed a thousand pages!
2024-08-07 23:10:38,679 - __main__ - INFO - Processed a thousand pages!
2024-08-07 23:11:01,038 - __main__ - INFO - Processed a thousand pages!
2024-08-07 23:11:40,150 - __main__ - INFO - Processed a thousand pages!
2024-08-07 23:13:36,562 - __main__ - INFO - Processed a thousand pages!
2024-08-07 23:13:59,406 - __main__ - INFO - Processed a thousand pages!
2024-08-07 23:14:22,478 - __main__ - INFO - Processed a thousand pages!
2024-08-07 23:14:46,724 - __main__ - INFO - Processed a thousand pages!
2024-08-07 23:15:18,960 - __main__ - INFO - Processed a thousand pages!
2024-08-07 23:15:50,825 - __main__ - INFO - Processed a thousand pages!
2024-08-07 23:16:41,368 - __main__ - INFO - Processed a thousand pages!
2024-08-07 23:17:04,975 - __main__ - INFO - Processed a thousand pages!
2024-08-07 23:18:58,687 - __main__ - INFO - Processed a thousand pages!
2024-08-07 23:19:21,373 - __main__ - INFO - Processed a thousand pages!
2024-08-07 23:19:47,980 - __main__ - INFO - Processed a thousand pages!
2024-08-07 23:20:28,846 - __main__ - INFO - Processed a thousand pages!
2024-08-07 23:20:54,263 - __main__ - INFO - Processed a thousand pages!
2024-08-07 23:22:14,990 - __main__ - INFO - Processed a thousand pages!
2024-08-07 23:22:54,754 - __main__ - INFO - Processed a thousand pages!
2024-08-07 23:23:42,769 - __main__ - INFO - Processed a thousand pages!
2024-08-07 23:24:20,598 - __main__ - INFO - Processed a thousand pages!
2024-08-07 23:24:51,738 - __main__ - INFO - Processed a thousand pages!
2024-08-07 23:25:46,414 - __main__ - INFO - Processed a thousand pages!
2024-08-07 23:26:09,032 - __main__ - INFO - Processed a thousand pages!
2024-08-07 23:27:09,933 - __main__ - INFO - Processed a thousand pages!
2024-08-07 23:27:47,956 - __main__ - INFO - Processed a thousand pages!
2024-08-07 23:28:10,546 - __main__ - INFO - Processed a thousand pages!
2024-08-07 23:29:25,440 - __main__ - INFO - Processed a thousand pages!
2024-08-07 23:30:10,551 - __main__ - INFO - Processed a thousand pages!
2024-08-07 23:30:36,598 - __main__ - INFO - Processed a thousand pages!
2024-08-07 23:31:06,003 - __main__ - INFO - Processed a thousand pages!
2024-08-07 23:31:30,781 - __main__ - INFO - Processed a thousand pages!
2024-08-07 23:32:30,834 - __main__ - INFO - Processed a thousand pages!
2024-08-07 23:33:11,541 - __main__ - INFO - Processed a thousand pages!
2024-08-07 23:33:35,401 - __main__ - INFO - Processed a thousand pages!
2024-08-07 23:34:08,342 - __main__ - INFO - Processed a thousand pages!
2024-08-07 23:34:40,056 - __main__ - INFO - Processed a thousand pages!
2024-08-07 23:35:02,971 - __main__ - INFO - Processed a thousand pages!
2024-08-07 23:35:32,619 - __main__ - INFO - Processed a thousand pages!
2024-08-07 23:35:56,978 - __main__ - INFO - Processed a thousand pages!
2024-08-07 23:36:21,522 - __main__ - INFO - Processed a thousand pages!
2024-08-07 23:37:00,278 - __main__ - INFO - Processed a thousand pages!
2024-08-07 23:37:35,582 - __main__ - INFO - Processed a thousand pages!
2024-08-07 23:38:21,212 - __main__ - INFO - Processed a thousand pages!
2024-08-07 23:38:43,712 - __main__ - INFO - Processed a thousand pages!
2024-08-07 23:39:28,785 - __main__ - INFO - Processed a thousand pages!
2024-08-07 23:39:52,431 - __main__ - INFO - Processed a thousand pages!
2024-08-07 23:40:21,252 - __main__ - INFO - Processed a thousand pages!
2024-08-07 23:40:54,159 - __main__ - INFO - Processed a thousand pages!
2024-08-07 23:41:17,105 - __main__ - INFO - Processed a thousand pages!
2024-08-07 23:41:40,323 - __main__ - INFO - Processed a thousand pages!
2024-08-07 23:42:15,842 - __main__ - INFO - Processed a thousand pages!
2024-08-07 23:42:39,863 - __main__ - INFO - Processed a thousand pages!
2024-08-07 23:43:15,953 - __main__ - INFO - Processed a thousand pages!
2024-08-07 23:44:06,337 - __main__ - INFO - Processed a thousand pages!
2024-08-07 23:44:28,996 - __main__ - INFO - Processed a thousand pages!
2024-08-07 23:45:00,712 - __main__ - INFO - Processed a thousand pages!
2024-08-07 23:45:23,493 - __main__ - INFO - Processed a thousand pages!
2024-08-07 23:45:46,711 - __main__ - INFO - Processed a thousand pages!
2024-08-07 23:46:31,185 - __main__ - INFO - Processed a thousand pages!
2024-08-07 23:46:54,305 - __main__ - INFO - Processed a thousand pages!
2024-08-07 23:47:15,902 - __main__ - INFO - Processed a thousand pages!
2024-08-07 23:47:38,312 - __main__ - INFO - Processed a thousand pages!
2024-08-07 23:48:12,181 - __main__ - INFO - Processed a thousand pages!
2024-08-07 23:48:38,283 - __main__ - INFO - Processed a thousand pages!
