2024-08-07 22:53:52,091 - __main__ - INFO - Created dataset '/SONAR/title/en_cirrussearch' with shape '77736x1024'
2024-08-07 22:53:52,094 - __main__ - INFO - Created dataset '/SONAR/title/lv_cirrussearch' with shape '77736x1024'
2024-08-07 22:53:52,096 - __main__ - INFO - Created dataset '/SONAR/open/en_cirrussearch' with shape '77736x1024'
2024-08-07 22:53:52,097 - __main__ - INFO - Created dataset '/SONAR/open/lv_cirrussearch' with shape '77736x1024'
2024-08-07 22:53:52,099 - __main__ - INFO - Created dataset '/SONAR/source/en_cirrussearch' with shape '77736x1024'
2024-08-07 22:53:52,101 - __main__ - INFO - Created dataset '/SONAR/source/lv_cirrussearch' with shape '77736x1024'
2024-08-07 22:53:52,229 - h5py._conv - DEBUG - Creating converter from 5 to 3
2024-08-07 22:53:52,614 - __main__ - INFO - Created mapping dataset
2024-08-07 22:53:52,643 - h5py._conv - DEBUG - Creating converter from 3 to 5
2024-08-07 22:53:55,990 - __main__ - INFO - Transforming 'en_cirrussearch_source' using 'SONAR'
2024-08-07 22:53:55,991 - __main__ - INFO - Starting from row '0'
2024-08-07 23:02:02,896 - __main__ - INFO - Processed a thousand pages!
2024-08-08 00:25:03,114 - __main__ - INFO - Processed a thousand pages!
2024-08-08 02:02:13,584 - __main__ - INFO - Processed a thousand pages!
2024-08-08 03:39:14,725 - __main__ - INFO - Processed a thousand pages!
2024-08-08 09:35:57,861 - h5py._conv - DEBUG - Creating converter from 3 to 5
2024-08-08 09:35:58,485 - __main__ - INFO - Transforming 'en_cirrussearch_source' using 'SONAR'
2024-08-08 09:35:58,486 - __main__ - INFO - Starting from row '0'
2024-08-08 09:37:52,607 - __main__ - INFO - Processed a thousand pages!
2024-08-08 09:56:49,286 - __main__ - INFO - Processed a thousand pages!
2024-08-08 10:15:37,324 - __main__ - INFO - Processed a thousand pages!
2024-08-08 10:34:23,379 - __main__ - INFO - Processed a thousand pages!
2024-08-08 10:53:09,689 - __main__ - INFO - Processed a thousand pages!
2024-08-08 11:11:58,362 - __main__ - INFO - Processed a thousand pages!
2024-08-08 11:30:43,981 - __main__ - INFO - Processed a thousand pages!
2024-08-08 11:49:28,087 - __main__ - INFO - Processed a thousand pages!
2024-08-08 12:08:10,830 - __main__ - INFO - Processed a thousand pages!
2024-08-08 12:26:51,319 - __main__ - INFO - Processed a thousand pages!
2024-08-08 12:45:33,382 - __main__ - INFO - Processed a thousand pages!
2024-08-08 13:04:15,322 - __main__ - INFO - Processed a thousand pages!
2024-08-08 13:23:00,123 - __main__ - INFO - Processed a thousand pages!
2024-08-08 13:41:44,298 - __main__ - INFO - Processed a thousand pages!
2024-08-08 14:00:21,963 - __main__ - INFO - Processed a thousand pages!
2024-08-08 14:18:58,516 - __main__ - INFO - Processed a thousand pages!
2024-08-08 14:37:37,292 - __main__ - INFO - Processed a thousand pages!
2024-08-08 14:56:12,098 - __main__ - INFO - Processed a thousand pages!
2024-08-08 15:14:48,234 - __main__ - INFO - Processed a thousand pages!
2024-08-08 15:33:20,765 - __main__ - INFO - Processed a thousand pages!
2024-08-08 15:51:54,995 - __main__ - INFO - Processed a thousand pages!
2024-08-08 16:10:29,770 - __main__ - INFO - Processed a thousand pages!
2024-08-08 16:29:02,531 - __main__ - INFO - Processed a thousand pages!
2024-08-08 16:47:33,951 - __main__ - INFO - Processed a thousand pages!
2024-08-08 17:06:05,252 - __main__ - INFO - Processed a thousand pages!
2024-08-08 17:24:34,095 - __main__ - INFO - Processed a thousand pages!
2024-08-08 17:43:06,196 - __main__ - INFO - Processed a thousand pages!
2024-08-08 18:01:38,390 - __main__ - INFO - Processed a thousand pages!
2024-08-08 18:20:02,742 - __main__ - INFO - Processed a thousand pages!
2024-08-08 18:38:36,327 - __main__ - INFO - Processed a thousand pages!
2024-08-08 18:57:09,134 - __main__ - INFO - Processed a thousand pages!
2024-08-08 19:03:01,187 - h5py._conv - DEBUG - Creating converter from 3 to 5
2024-08-08 19:03:02,213 - __main__ - INFO - Transforming 'en_cirrussearch_source' using 'SONAR'
2024-08-08 19:03:02,213 - __main__ - INFO - Starting from row '30100'
2024-08-08 19:09:26,119 - h5py._conv - DEBUG - Creating converter from 3 to 5
2024-08-08 19:09:27,320 - __main__ - INFO - Transforming 'en_cirrussearch_source' using 'SONAR'
2024-08-08 19:09:27,320 - __main__ - INFO - Starting from row '30100'
2024-08-08 19:28:15,351 - __main__ - INFO - Processed a thousand pages!
2024-08-08 19:47:20,768 - __main__ - INFO - Processed a thousand pages!
2024-08-08 20:06:24,395 - __main__ - INFO - Processed a thousand pages!
2024-08-08 20:24:32,999 - __main__ - INFO - Processed a thousand pages!
2024-08-08 20:44:04,309 - __main__ - INFO - Processed a thousand pages!
2024-08-08 21:03:13,262 - __main__ - INFO - Processed a thousand pages!
2024-08-08 21:22:33,011 - __main__ - INFO - Processed a thousand pages!
2024-08-08 21:41:27,271 - __main__ - INFO - Processed a thousand pages!
2024-08-08 22:01:09,119 - __main__ - INFO - Processed a thousand pages!
2024-08-08 22:20:05,368 - __main__ - INFO - Processed a thousand pages!
2024-08-08 22:39:00,833 - __main__ - INFO - Processed a thousand pages!
2024-08-08 22:58:33,437 - __main__ - INFO - Processed a thousand pages!
2024-08-08 23:17:44,694 - __main__ - INFO - Processed a thousand pages!
2024-08-08 23:37:14,366 - __main__ - INFO - Processed a thousand pages!
2024-08-08 23:56:39,477 - __main__ - INFO - Processed a thousand pages!
2024-08-09 00:16:17,460 - __main__ - INFO - Processed a thousand pages!
2024-08-09 00:35:15,627 - __main__ - INFO - Processed a thousand pages!
2024-08-09 00:54:17,187 - __main__ - INFO - Processed a thousand pages!
2024-08-09 01:12:20,592 - __main__ - INFO - Processed a thousand pages!
2024-08-09 01:31:22,749 - __main__ - INFO - Processed a thousand pages!
2024-08-09 01:50:23,556 - __main__ - INFO - Processed a thousand pages!
2024-08-09 02:09:36,357 - __main__ - INFO - Processed a thousand pages!
2024-08-09 02:28:48,871 - __main__ - INFO - Processed a thousand pages!
2024-08-09 02:47:57,512 - __main__ - INFO - Processed a thousand pages!
2024-08-09 03:06:54,412 - __main__ - INFO - Processed a thousand pages!
2024-08-09 03:26:07,305 - __main__ - INFO - Processed a thousand pages!
2024-08-09 03:45:14,197 - __main__ - INFO - Processed a thousand pages!
2024-08-09 04:04:02,299 - __main__ - INFO - Processed a thousand pages!
2024-08-09 04:22:53,617 - __main__ - INFO - Processed a thousand pages!
2024-08-09 04:42:06,602 - __main__ - INFO - Processed a thousand pages!
2024-08-09 05:01:05,884 - __main__ - INFO - Processed a thousand pages!
2024-08-09 05:19:53,647 - __main__ - INFO - Processed a thousand pages!
2024-08-09 05:38:56,316 - __main__ - INFO - Processed a thousand pages!
2024-08-09 05:57:49,783 - __main__ - INFO - Processed a thousand pages!
2024-08-09 06:16:41,304 - __main__ - INFO - Processed a thousand pages!
2024-08-09 06:35:40,928 - __main__ - INFO - Processed a thousand pages!
2024-08-09 06:54:25,965 - __main__ - INFO - Processed a thousand pages!
2024-08-09 09:13:09,076 - h5py._conv - DEBUG - Creating converter from 3 to 5
2024-08-09 09:13:10,335 - __main__ - INFO - Transforming 'en_cirrussearch_source' using 'SONAR'
2024-08-09 09:13:10,335 - __main__ - INFO - Starting from row '67100'
2024-08-09 09:27:02,603 - __main__ - INFO - Processed a thousand pages!
2024-08-09 09:40:51,863 - __main__ - INFO - Processed a thousand pages!
2024-08-09 09:54:41,098 - __main__ - INFO - Processed a thousand pages!
2024-08-09 10:08:37,056 - __main__ - INFO - Processed a thousand pages!
2024-08-09 10:22:40,054 - __main__ - INFO - Processed a thousand pages!
2024-08-09 10:36:40,571 - __main__ - INFO - Processed a thousand pages!
2024-08-09 10:50:36,390 - __main__ - INFO - Processed a thousand pages!
2024-08-09 11:04:37,906 - __main__ - INFO - Processed a thousand pages!
2024-08-09 11:18:35,567 - __main__ - INFO - Processed a thousand pages!
2024-08-09 11:32:22,492 - __main__ - INFO - Processed a thousand pages!
